<?xml version="1.0" encoding="UTF-8"?>
<!-- Generated by org.testng.reporters.JUnitXMLReporter -->
<testsuite hostname="HP" ignored="2" name="Default test(failed)(failed)" tests="2" failures="1" timestamp="17 Oct 2017 08:15:04 GMT" time="54.371" errors="0">
  <testcase name="LoginForm" time="16.826" classname="lazada.LoginFunction"/>
  <testcase name="LoginWithGoogle" time="16.556" classname="lazada.LoginFunction">
    <failure type="org.openqa.selenium.TimeoutException" message="Expected condition failed: waiting for title to be &amp;quot;Lazada - My account&amp;quot;. Current title: &amp;quot;Lazada - Login&amp;quot; (tried for 10 second(s) with 500 MILLISECONDS interval)
Build info: version: &amp;apos;unknown&amp;apos;, revision: &amp;apos;unknown&amp;apos;, time: &amp;apos;unknown&amp;apos;
System info: host: &amp;apos;HP&amp;apos;, ip: &amp;apos;192.168.231.2&amp;apos;, os.name: &amp;apos;Windows 10&amp;apos;, os.arch: &amp;apos;amd64&amp;apos;, os.version: &amp;apos;10.0&amp;apos;, java.version: &amp;apos;1.8.0_131&amp;apos;
Driver info: org.openqa.selenium.chrome.ChromeDriver
Capabilities [{applicationCacheEnabled=false, rotatable=false, mobileEmulationEnabled=false, networkConnectionEnabled=false, chrome={chromedriverVersion=2.33.506120 (e3e53437346286c0bc2d2dc9aa4915ba81d9023f), userDataDir=C:\Users\DUONGN~1\AppData\Local\Temp\scoped_dir4060_23401}, takesHeapSnapshot=true, pageLoadStrategy=normal, databaseEnabled=false, handlesAlerts=true, hasTouchScreen=false, version=61.0.3163.100, platform=XP, browserConnectionEnabled=false, nativeEvents=true, acceptSslCerts=true, locationContextEnabled=true, webStorageEnabled=true, browserName=chrome, takesScreenshot=true, javascriptEnabled=true, cssSelectorsEnabled=true, setWindowRect=true, unexpectedAlertBehaviour=}]
Session ID: ced0f52d54e00d189d5d0c82cafd4cf9">
      <![CDATA[org.openqa.selenium.TimeoutException: Expected condition failed: waiting for title to be "Lazada - My account". Current title: "Lazada - Login" (tried for 10 second(s) with 500 MILLISECONDS interval)
Build info: version: 'unknown', revision: 'unknown', time: 'unknown'
System info: host: 'HP', ip: '192.168.231.2', os.name: 'Windows 10', os.arch: 'amd64', os.version: '10.0', java.version: '1.8.0_131'
Driver info: org.openqa.selenium.chrome.ChromeDriver
Capabilities [{applicationCacheEnabled=false, rotatable=false, mobileEmulationEnabled=false, networkConnectionEnabled=false, chrome={chromedriverVersion=2.33.506120 (e3e53437346286c0bc2d2dc9aa4915ba81d9023f), userDataDir=C:\Users\DUONGN~1\AppData\Local\Temp\scoped_dir4060_23401}, takesHeapSnapshot=true, pageLoadStrategy=normal, databaseEnabled=false, handlesAlerts=true, hasTouchScreen=false, version=61.0.3163.100, platform=XP, browserConnectionEnabled=false, nativeEvents=true, acceptSslCerts=true, locationContextEnabled=true, webStorageEnabled=true, browserName=chrome, takesScreenshot=true, javascriptEnabled=true, cssSelectorsEnabled=true, setWindowRect=true, unexpectedAlertBehaviour=}]
Session ID: ced0f52d54e00d189d5d0c82cafd4cf9
	at org.openqa.selenium.support.ui.WebDriverWait.timeoutException(WebDriverWait.java:80)
	at org.openqa.selenium.support.ui.FluentWait.until(FluentWait.java:232)
	at lazada.LoginFunction.LoginWithGoogle(LoginFunction.java:196)
... Removed 25 stack frames]]>
    </failure>
  </testcase> <!-- LoginWithGoogle -->
  <testcase name="CheckLink" time="0.0" classname="lazada.LoginFunction">
    <ignored/>
  </testcase> <!-- CheckLink -->
  <testcase name="LoginWithFacebook" time="0.0" classname="lazada.LoginFunction">
    <ignored/>
  </testcase> <!-- LoginWithFacebook -->
</testsuite> <!-- Default test(failed)(failed) -->
